This is pdfTeX, Version 3.141592653-2.6-1.40.25 (MiKTeX 24.1) (preloaded format=pdflatex 2025.5.5)  5 MAY 2025 21:18
entering extended mode
 restricted \write18 enabled.
 %&-line parsing enabled.
**./app.tex
(app.tex
LaTeX2e <2023-11-01> patch level 1
L3 programming layer <2024-01-04>
)
*
(Please type a command or say `\end')
*\end

*'\end'

! LaTeX Error: \begin{document} ended by \end{'}.

See the LaTeX manual or LaTeX Companion for explanation.
Type  H <return>  for immediate help.
 ...                                              
                                                  
<*> '
     \end'
? 
! Extra \endgroup.
<recently read> \endgroup 
                          
<*> '
     \end'
? 

! LaTeX Error: \begin{document} ended by \end{'}.

See the LaTeX manual or LaTeX Companion for explanation.
Type  H <return>  for immediate help.
 ...                                              
                                                  
<*> '\end'
          
? 
! Emergency stop.
 ...                                              
                                                  
<*> '\end'
          
Your command was ignored.
Type  I <command> <return>  to replace it with another command,
or  <return>  to continue without it.

 
Here is how much of TeX's memory you used:
 22 strings out of 474486
 570 string characters out of 5743284
 1924542 words of memory out of 5000000
 22407 multiletter control sequences out of 15000+600000
 558069 words of font info for 36 fonts, out of 8000000 for 9000
 1141 hyphenation exceptions out of 8191
 12i,0n,13p,41b,14s stack positions out of 10000i,1000n,20000p,200000b,200000s
!  ==> Fatal error occurred, no output PDF file produced!
